<?xml version="1.0" encoding="UTF-8"?>
<testng-results skipped="0" failed="0" total="1" passed="1">
  <reporter-output>
  </reporter-output>
  <suite name="Default suite" duration-ms="8222" started-at="2020-02-13T06:08:16Z" finished-at="2020-02-13T06:08:25Z">
    <groups>
    </groups>
    <test name="Default test" duration-ms="8222" started-at="2020-02-13T06:08:16Z" finished-at="2020-02-13T06:08:25Z">
      <class name="com.abc.Authrenication">
        <test-method status="PASS" signature="data()[pri:0, instance:com.abc.Authrenication@15be6bb]" name="data" duration-ms="8143" started-at="2020-02-13T11:38:16Z" finished-at="2020-02-13T11:38:25Z">
          <reporter-output>
          </reporter-output>
        </test-method> <!-- data -->
      </class> <!-- com.abc.Authrenication -->
    </test> <!-- Default test -->
  </suite> <!-- Default suite -->
</testng-results>
